<?xml version="1.0" encoding="UTF-8"?>
<testsuite name="com.ohgiraffers.stanl2_final_project.Stanl2FinalProjectApplicationTests" tests="1" skipped="0" failures="0" errors="0" timestamp="2024-10-28T11:13:54" hostname="BOOK-19UL620D93" time="1.832">
  <properties/>
  <testcase name="contextLoads()" classname="com.ohgiraffers.stanl2_final_project.Stanl2FinalProjectApplicationTests" time="1.832"/>
  <system-out><![CDATA[20:13:51.915 [Test worker] INFO org.springframework.test.context.support.AnnotationConfigContextLoaderUtils -- Could not detect default configuration classes for test class [com.ohgiraffers.stanl2_final_project.Stanl2FinalProjectApplicationTests]: Stanl2FinalProjectApplicationTests does not declare any static, non-private, non-final, nested classes annotated with @Configuration.
20:13:52.066 [Test worker] INFO org.springframework.boot.test.context.SpringBootTestContextBootstrapper -- Found @SpringBootConfiguration com.ohgiraffers.stanl2_final_project.Stanl2FinalProjectApplication for test class com.ohgiraffers.stanl2_final_project.Stanl2FinalProjectApplicationTests

  .   ____          _            __ _ _
 /\\ / ___'_ __ _ _(_)_ __  __ _ \ \ \ \
( ( )\___ | '_ | '_| | '_ \/ _` | \ \ \ \
 \\/  ___)| |_)| | | | | || (_| |  ) ) ) )
  '  |____| .__|_| |_|_| |_\__, | / / / /
 =========|_|==============|___/=/_/_/_/

 :: Spring Boot ::                (v3.3.5)

2024-10-28T20:13:52.679+09:00  INFO 33312 --- [    Test worker] c.o.s.Stanl2FinalProjectApplicationTests : Starting Stanl2FinalProjectApplicationTests using Java 17.0.9 with PID 33312 (started by minseok in C:\Users\alstj\Desktop\Stanl2_Final_Project)
2024-10-28T20:13:52.681+09:00  INFO 33312 --- [    Test worker] c.o.s.Stanl2FinalProjectApplicationTests : No active profile set, falling back to 1 default profile: "default"
2024-10-28T20:13:54.719+09:00  INFO 33312 --- [    Test worker] c.o.s.Stanl2FinalProjectApplicationTests : Started Stanl2FinalProjectApplicationTests in 2.425 seconds (process running for 4.126)
]]></system-out>
  <system-err><![CDATA[]]></system-err>
</testsuite>
