<?xml version="1.0" encoding="UTF-8"?>
<testsuite name="com.ohgiraffers.stanl2_final_project.Stanl2FinalProjectApplicationTests" tests="1" skipped="0" failures="0" errors="0" timestamp="2024-10-28T10:25:29" hostname="BOOK-19UL620D93" time="0.824">
  <properties/>
  <testcase name="contextLoads()" classname="com.ohgiraffers.stanl2_final_project.Stanl2FinalProjectApplicationTests" time="0.824"/>
  <system-out><![CDATA[19:25:27.571 [Test worker] INFO org.springframework.test.context.support.AnnotationConfigContextLoaderUtils -- Could not detect default configuration classes for test class [com.ohgiraffers.stanl2_final_project.Stanl2FinalProjectApplicationTests]: Stanl2FinalProjectApplicationTests does not declare any static, non-private, non-final, nested classes annotated with @Configuration.
19:25:27.693 [Test worker] INFO org.springframework.boot.test.context.SpringBootTestContextBootstrapper -- Found @SpringBootConfiguration com.ohgiraffers.stanl2_final_project.Stanl2FinalProjectApplication for test class com.ohgiraffers.stanl2_final_project.Stanl2FinalProjectApplicationTests

  .   ____          _            __ _ _
 /\\ / ___'_ __ _ _(_)_ __  __ _ \ \ \ \
( ( )\___ | '_ | '_| | '_ \/ _` | \ \ \ \
 \\/  ___)| |_)| | | | | || (_| |  ) ) ) )
  '  |____| .__|_| |_|_| |_\__, | / / / /
 =========|_|==============|___/=/_/_/_/

 :: Spring Boot ::                (v3.3.5)

2024-10-28T19:25:28.149+09:00  INFO 29540 --- [    Test worker] c.o.s.Stanl2FinalProjectApplicationTests : Starting Stanl2FinalProjectApplicationTests using Java 17.0.10 with PID 29540 (started by minseok in C:\Users\alstj\Desktop\Stanl2_Final_Project)
2024-10-28T19:25:28.150+09:00  INFO 29540 --- [    Test worker] c.o.s.Stanl2FinalProjectApplicationTests : No active profile set, falling back to 1 default profile: "default"
2024-10-28T19:25:29.560+09:00  INFO 29540 --- [    Test worker] c.o.s.Stanl2FinalProjectApplicationTests : Started Stanl2FinalProjectApplicationTests in 1.686 seconds (process running for 2.766)
]]></system-out>
  <system-err><![CDATA[]]></system-err>
</testsuite>
